<?xml version="1.0" encoding="UTF-8"?>
<testng-results skipped="0" failed="0" ignored="0" total="1" passed="1">
  <reporter-output>
  </reporter-output>
  <suite name="Default suite" duration-ms="31534" started-at="2018-12-14T05:59:20Z" finished-at="2018-12-14T05:59:52Z">
    <groups>
    </groups>
    <test name="Default test" duration-ms="31534" started-at="2018-12-14T05:59:20Z" finished-at="2018-12-14T05:59:52Z">
      <class name="cris.apos.tests.TCEarningStatementVerifyLinks">
        <test-method status="PASS" signature="test_TCDailyReportsVerifyLinks()[pri:0, instance:cris.apos.tests.TCEarningStatementVerifyLinks@5c7fa833]" name="test_TCDailyReportsVerifyLinks" duration-ms="31518" started-at="2018-12-14T05:59:20Z" finished-at="2018-12-14T05:59:52Z">
          <reporter-output>
          </reporter-output>
        </test-method> <!-- test_TCDailyReportsVerifyLinks -->
      </class> <!-- cris.apos.tests.TCEarningStatementVerifyLinks -->
    </test> <!-- Default test -->
  </suite> <!-- Default suite -->
</testng-results>
